{"level":"info","message":{"method":"POST","requestId":"538cd3a5-871a-433f-b938-b53f65bf93b7","url":"/product/"},"timestamp":"2026-03-29T04:56:15.689Z"}
{"level":"info","message":{"method":"POST","requestId":"e37fc7c3-0ab6-4ca1-beac-2bbc2cf4b8f1","url":"/product/"},"timestamp":"2026-03-29T05:26:26.586Z"}
{"level":"error","message":"File too large","requestId":"e37fc7c3-0ab6-4ca1-beac-2bbc2cf4b8f1","timestamp":"2026-03-29T05:26:26.748Z"}
{"level":"info","message":{"method":"POST","requestId":"05dd4d6c-7f38-4de1-ae20-be768cd22581","url":"/product/"},"timestamp":"2026-03-29T05:29:53.924Z"}
{"level":"error","message":"File too large","requestId":"05dd4d6c-7f38-4de1-ae20-be768cd22581","timestamp":"2026-03-29T05:29:53.969Z"}
{"level":"info","message":{"method":"POST","requestId":"ea522737-208d-4dd9-8a7b-dd61fdad6de3","url":"/product/"},"timestamp":"2026-03-29T05:42:31.341Z"}
{"level":"error","message":"File too large","requestId":"ea522737-208d-4dd9-8a7b-dd61fdad6de3","timestamp":"2026-03-29T05:42:31.367Z"}
{"level":"info","message":{"method":"POST","requestId":"b8f5c75e-05fc-437b-ac3a-c7ef0cc2826b","url":"/product/"},"timestamp":"2026-03-29T05:42:32.893Z"}
{"level":"error","message":"File too large","requestId":"b8f5c75e-05fc-437b-ac3a-c7ef0cc2826b","timestamp":"2026-03-29T05:42:32.902Z"}
{"level":"info","message":{"method":"POST","requestId":"624c8875-6640-40eb-8687-8eceb2a01671","url":"/product/"},"timestamp":"2026-03-29T05:44:09.833Z"}
{"level":"info","message":{"method":"POST","requestId":"7d957999-1c23-4321-9c8f-19f618ee92a4","url":"/product/"},"timestamp":"2026-03-29T05:47:15.860Z"}
{"level":"info","message":{"method":"POST","requestId":"1628e160-de42-42dc-8067-c053b313e81d","url":"/product/"},"timestamp":"2026-03-29T05:50:37.055Z"}
{"level":"info","message":{"method":"POST","requestId":"19682e39-02b7-46d0-9d57-a19822bfe7e1","url":"/product/"},"timestamp":"2026-03-29T05:50:48.322Z"}
{"level":"info","message":{"method":"POST","requestId":"ee3d781b-b5ee-40d7-923a-a4f4c52e4241","url":"/product/"},"timestamp":"2026-03-29T05:57:43.071Z"}
{"level":"info","message":{"method":"POST","requestId":"f68e62a6-5292-4e7a-8bd0-fc375fff904d","url":"/product/"},"timestamp":"2026-03-29T05:58:26.479Z"}
{"level":"info","message":{"method":"POST","requestId":"ea7f2889-57a1-49dd-a534-307fa0b1474e","url":"/product/"},"timestamp":"2026-03-29T05:58:27.862Z"}
{"level":"info","message":{"method":"POST","requestId":"dc5cb152-d1a3-47b5-869d-c8a4fc5807fc","url":"/product/"},"timestamp":"2026-03-29T06:00:47.990Z"}
{"level":"info","message":{"method":"POST","requestId":"71b90ae3-a0ab-400b-b75d-c4dd248ac3b1","url":"/product/"},"timestamp":"2026-03-29T06:01:39.831Z"}
{"level":"info","message":{"method":"POST","requestId":"ca2d7ac2-a8c8-4284-9243-558fc15c8d02","url":"/product/"},"timestamp":"2026-03-29T06:01:41.118Z"}
{"level":"info","message":{"method":"POST","requestId":"94a1f05e-5c16-4f45-a3bf-b54a3be26a89","url":"/product/"},"timestamp":"2026-03-29T06:01:46.857Z"}
{"level":"info","message":{"method":"POST","requestId":"5db05f51-c033-427d-9f89-5b7ee4f50427","url":"/product/"},"timestamp":"2026-03-29T06:04:07.824Z"}
{"level":"info","message":{"method":"POST","requestId":"2cee3312-89e1-47fa-9523-ecc140f85295","url":"/product/"},"timestamp":"2026-03-29T06:06:36.452Z"}
{"level":"info","message":{"method":"POST","requestId":"c31a3e50-fa45-4ecd-8269-6e041d9b2832","url":"/product/"},"timestamp":"2026-03-29T06:08:20.605Z"}
{"level":"info","message":{"method":"POST","requestId":"c1cc6a93-76e3-49c9-9306-010c18eb6bf2","url":"/product/"},"timestamp":"2026-03-29T06:08:21.827Z"}
{"level":"info","message":{"method":"POST","requestId":"a541999e-0de8-4bf6-95a8-ab9aced58569","url":"/product/"},"timestamp":"2026-03-29T06:11:12.584Z"}
{"level":"info","message":{"method":"POST","requestId":"527785d7-df1e-4891-a4d3-9b38e2c7cd5e","url":"/product/"},"timestamp":"2026-03-29T06:14:17.167Z"}
{"level":"info","message":{"method":"POST","requestId":"827825c8-82d2-48b3-83f0-6b6bfaddc53d","url":"/product/"},"timestamp":"2026-03-29T06:21:46.818Z"}
{"level":"info","message":{"method":"POST","requestId":"c7490b68-f977-4607-9e7d-27f0a100caf1","url":"/product/"},"timestamp":"2026-03-29T06:22:16.095Z"}
{"level":"info","message":{"method":"POST","requestId":"23440cf3-d04d-4372-baec-aeff1826450a","url":"/product/"},"timestamp":"2026-03-29T06:27:05.800Z"}
{"level":"info","message":{"method":"POST","requestId":"fd94ee6d-87d7-48dd-9d51-514cd40e3995","url":"/product/"},"timestamp":"2026-03-29T06:29:19.125Z"}
{"level":"info","message":{"method":"POST","requestId":"07ae3152-d323-48d3-a9a6-59ffa84b1e69","url":"/product/"},"timestamp":"2026-03-29T06:29:35.253Z"}
{"level":"info","message":{"method":"POST","requestId":"025701ce-b2b7-4a37-b615-15974d6998f2","url":"/product/"},"timestamp":"2026-03-29T06:30:15.422Z"}
{"level":"info","message":{"method":"POST","requestId":"cb4b8422-755d-4070-aefc-9b29eae1eb24","url":"/product/"},"timestamp":"2026-03-29T06:31:54.086Z"}
